2023-02-28 18:11:55.230 DEBUG 30636 --- [background-preinit] .h.v.m.ResourceBundleMessageInterpolator : Loaded expression factory via original TCCL
2023-02-28 18:11:55.331  INFO 30636 --- [main] com.example.Application                  : Starting Application on DESKTOP-KFDVAOL with PID 30636 (D:\workplace_java\deliciousFoods-main\target\classes started by ABC in D:\workplace_java\deliciousFoods-main)
2023-02-28 18:11:55.333  INFO 30636 --- [main] com.example.Application                  : No active profile set, falling back to default profiles: default
2023-02-28 18:11:56.728  WARN 30636 --- [main] o.m.s.mapper.ClassPathMapperScanner      : No MyBatis mapper was found in '[com.example]' package. Please check your configuration.
2023-02-28 18:11:57.420  INFO 30636 --- [main] o.s.b.w.embedded.tomcat.TomcatWebServer  : Tomcat initialized with port(s): 8080 (http)
2023-02-28 18:11:57.439  INFO 30636 --- [main] o.apache.catalina.core.StandardService   : Starting service [Tomcat]
2023-02-28 18:11:57.439  INFO 30636 --- [main] org.apache.catalina.core.StandardEngine  : Starting Servlet Engine: Apache Tomcat/9.0.12
2023-02-28 18:11:57.446  INFO 30636 --- [main] o.a.catalina.core.AprLifecycleListener   : Loaded APR based Apache Tomcat Native library [1.2.24] using APR version [1.7.0].
2023-02-28 18:11:57.447  INFO 30636 --- [main] o.a.catalina.core.AprLifecycleListener   : APR capabilities: IPv6 [true], sendfile [true], accept filters [false], random [true].
2023-02-28 18:11:57.447  INFO 30636 --- [main] o.a.catalina.core.AprLifecycleListener   : APR/OpenSSL configuration: useAprConnector [false], useOpenSSL [true]
2023-02-28 18:11:57.452  INFO 30636 --- [main] o.a.catalina.core.AprLifecycleListener   : OpenSSL successfully initialized [OpenSSL 1.1.1g  21 Apr 2020]
2023-02-28 18:11:57.577  INFO 30636 --- [main] o.a.c.c.C.[Tomcat].[localhost].[/]       : Initializing Spring embedded WebApplicationContext
2023-02-28 18:11:57.577  INFO 30636 --- [main] o.s.web.context.ContextLoader            : Root WebApplicationContext: initialization completed in 2193 ms
2023-02-28 18:11:57.604  INFO 30636 --- [main] o.s.b.w.servlet.ServletRegistrationBean  : Servlet dispatcherServlet mapped to [/]
2023-02-28 18:11:57.609  INFO 30636 --- [main] o.s.b.w.servlet.FilterRegistrationBean   : Mapping filter: 'characterEncodingFilter' to: [/*]
2023-02-28 18:11:57.609  INFO 30636 --- [main] o.s.b.w.servlet.FilterRegistrationBean   : Mapping filter: 'hiddenHttpMethodFilter' to: [/*]
2023-02-28 18:11:57.609  INFO 30636 --- [main] o.s.b.w.servlet.FilterRegistrationBean   : Mapping filter: 'formContentFilter' to: [/*]
2023-02-28 18:11:57.610  INFO 30636 --- [main] o.s.b.w.servlet.FilterRegistrationBean   : Mapping filter: 'requestContextFilter' to: [/*]
2023-02-28 18:11:58.911  INFO 30636 --- [main] o.s.s.concurrent.ThreadPoolTaskExecutor  : Initializing ExecutorService 'applicationTaskExecutor'
2023-02-28 18:11:59.276  INFO 30636 --- [main] o.s.b.w.embedded.tomcat.TomcatWebServer  : Tomcat started on port(s): 8080 (http) with context path ''
2023-02-28 18:11:59.280  INFO 30636 --- [main] com.example.Application                  : Started Application in 4.425 seconds (JVM running for 6.708)
2023-02-28 18:30:20.645  INFO 30636 --- [http-nio-8080-exec-1] o.apache.tomcat.util.http.parser.Cookie  : A cookie header was received [1648191076,1648554331,1650072547; Pycharm-7f350fa1=2eb4811d-d8a7-4b3f-892b-fb8a1f05e74c; JSESSIONID=9B004207CA22A3CD200F1327477E73FD] that contained an invalid cookie. That cookie will be ignored.Note: further occurrences of this error will be logged at DEBUG level.
2023-02-28 18:30:20.653  INFO 30636 --- [http-nio-8080-exec-1] o.a.c.c.C.[Tomcat].[localhost].[/]       : Initializing Spring DispatcherServlet 'dispatcherServlet'
2023-02-28 18:30:20.653  INFO 30636 --- [http-nio-8080-exec-1] o.s.web.servlet.DispatcherServlet        : Initializing Servlet 'dispatcherServlet'
2023-02-28 18:30:20.662  INFO 30636 --- [http-nio-8080-exec-1] o.s.web.servlet.DispatcherServlet        : Completed initialization in 9 ms
2023-02-28 18:31:01.640  INFO 29724 --- [main] com.example.Application                  : Starting Application on DESKTOP-KFDVAOL with PID 29724 (D:\workplace_java\deliciousFoods-main\target\classes started by ABC in D:\workplace_java\deliciousFoods-main)
2023-02-28 18:31:01.645  INFO 29724 --- [main] com.example.Application                  : No active profile set, falling back to default profiles: default
2023-02-28 18:31:02.437  WARN 29724 --- [main] o.m.s.mapper.ClassPathMapperScanner      : No MyBatis mapper was found in '[com.example]' package. Please check your configuration.
2023-02-28 18:31:03.169  INFO 29724 --- [main] o.s.b.w.embedded.tomcat.TomcatWebServer  : Tomcat initialized with port(s): 8080 (http)
2023-02-28 18:31:03.188  INFO 29724 --- [main] o.apache.catalina.core.StandardService   : Starting service [Tomcat]
2023-02-28 18:31:03.189  INFO 29724 --- [main] org.apache.catalina.core.StandardEngine  : Starting Servlet Engine: Apache Tomcat/9.0.12
2023-02-28 18:31:03.197  INFO 29724 --- [main] o.a.catalina.core.AprLifecycleListener   : Loaded APR based Apache Tomcat Native library [1.2.24] using APR version [1.7.0].
2023-02-28 18:31:03.197  INFO 29724 --- [main] o.a.catalina.core.AprLifecycleListener   : APR capabilities: IPv6 [true], sendfile [true], accept filters [false], random [true].
2023-02-28 18:31:03.197  INFO 29724 --- [main] o.a.catalina.core.AprLifecycleListener   : APR/OpenSSL configuration: useAprConnector [false], useOpenSSL [true]
2023-02-28 18:31:03.203  INFO 29724 --- [main] o.a.catalina.core.AprLifecycleListener   : OpenSSL successfully initialized [OpenSSL 1.1.1g  21 Apr 2020]
2023-02-28 18:31:03.346  INFO 29724 --- [main] o.a.c.c.C.[Tomcat].[localhost].[/]       : Initializing Spring embedded WebApplicationContext
2023-02-28 18:31:03.347  INFO 29724 --- [main] o.s.web.context.ContextLoader            : Root WebApplicationContext: initialization completed in 1646 ms
2023-02-28 18:31:03.380  INFO 29724 --- [main] o.s.b.w.servlet.ServletRegistrationBean  : Servlet dispatcherServlet mapped to [/]
2023-02-28 18:31:03.386  INFO 29724 --- [main] o.s.b.w.servlet.FilterRegistrationBean   : Mapping filter: 'characterEncodingFilter' to: [/*]
2023-02-28 18:31:03.387  INFO 29724 --- [main] o.s.b.w.servlet.FilterRegistrationBean   : Mapping filter: 'hiddenHttpMethodFilter' to: [/*]
2023-02-28 18:31:03.387  INFO 29724 --- [main] o.s.b.w.servlet.FilterRegistrationBean   : Mapping filter: 'formContentFilter' to: [/*]
2023-02-28 18:31:03.387  INFO 29724 --- [main] o.s.b.w.servlet.FilterRegistrationBean   : Mapping filter: 'requestContextFilter' to: [/*]
2023-02-28 18:31:04.746  INFO 29724 --- [main] o.s.s.concurrent.ThreadPoolTaskExecutor  : Initializing ExecutorService 'applicationTaskExecutor'
2023-02-28 18:31:05.124  INFO 29724 --- [main] o.s.b.w.embedded.tomcat.TomcatWebServer  : Tomcat started on port(s): 8080 (http) with context path ''
2023-02-28 18:31:05.128  INFO 29724 --- [main] com.example.Application                  : Started Application in 4.076 seconds (JVM running for 6.348)
2023-02-28 18:31:26.807  INFO 29724 --- [Thread-9] o.s.s.concurrent.ThreadPoolTaskExecutor  : Shutting down ExecutorService 'applicationTaskExecutor'
2023-02-28 18:31:32.280  INFO 26948 --- [main] com.example.Application                  : Starting Application on DESKTOP-KFDVAOL with PID 26948 (D:\workplace_java\deliciousFoods-main\target\classes started by ABC in D:\workplace_java\deliciousFoods-main)
2023-02-28 18:31:32.284  INFO 26948 --- [main] com.example.Application                  : No active profile set, falling back to default profiles: default
2023-02-28 18:31:33.050  WARN 26948 --- [main] o.m.s.mapper.ClassPathMapperScanner      : No MyBatis mapper was found in '[com.example]' package. Please check your configuration.
2023-02-28 18:31:33.805  INFO 26948 --- [main] o.s.b.w.embedded.tomcat.TomcatWebServer  : Tomcat initialized with port(s): 8080 (http)
2023-02-28 18:31:33.825  INFO 26948 --- [main] o.apache.catalina.core.StandardService   : Starting service [Tomcat]
2023-02-28 18:31:33.825  INFO 26948 --- [main] org.apache.catalina.core.StandardEngine  : Starting Servlet Engine: Apache Tomcat/9.0.12
2023-02-28 18:31:33.834  INFO 26948 --- [main] o.a.catalina.core.AprLifecycleListener   : Loaded APR based Apache Tomcat Native library [1.2.24] using APR version [1.7.0].
2023-02-28 18:31:33.834  INFO 26948 --- [main] o.a.catalina.core.AprLifecycleListener   : APR capabilities: IPv6 [true], sendfile [true], accept filters [false], random [true].
2023-02-28 18:31:33.835  INFO 26948 --- [main] o.a.catalina.core.AprLifecycleListener   : APR/OpenSSL configuration: useAprConnector [false], useOpenSSL [true]
2023-02-28 18:31:33.840  INFO 26948 --- [main] o.a.catalina.core.AprLifecycleListener   : OpenSSL successfully initialized [OpenSSL 1.1.1g  21 Apr 2020]
2023-02-28 18:31:33.980  INFO 26948 --- [main] o.a.c.c.C.[Tomcat].[localhost].[/]       : Initializing Spring embedded WebApplicationContext
2023-02-28 18:31:33.980  INFO 26948 --- [main] o.s.web.context.ContextLoader            : Root WebApplicationContext: initialization completed in 1633 ms
2023-02-28 18:31:34.013  INFO 26948 --- [main] o.s.b.w.servlet.ServletRegistrationBean  : Servlet dispatcherServlet mapped to [/]
2023-02-28 18:31:34.019  INFO 26948 --- [main] o.s.b.w.servlet.FilterRegistrationBean   : Mapping filter: 'characterEncodingFilter' to: [/*]
2023-02-28 18:31:34.020  INFO 26948 --- [main] o.s.b.w.servlet.FilterRegistrationBean   : Mapping filter: 'hiddenHttpMethodFilter' to: [/*]
2023-02-28 18:31:34.020  INFO 26948 --- [main] o.s.b.w.servlet.FilterRegistrationBean   : Mapping filter: 'formContentFilter' to: [/*]
2023-02-28 18:31:34.020  INFO 26948 --- [main] o.s.b.w.servlet.FilterRegistrationBean   : Mapping filter: 'requestContextFilter' to: [/*]
2023-02-28 18:31:35.395  INFO 26948 --- [main] o.s.s.concurrent.ThreadPoolTaskExecutor  : Initializing ExecutorService 'applicationTaskExecutor'
2023-02-28 18:31:35.798  INFO 26948 --- [main] o.s.b.w.embedded.tomcat.TomcatWebServer  : Tomcat started on port(s): 8080 (http) with context path ''
2023-02-28 18:31:35.803  INFO 26948 --- [main] com.example.Application                  : Started Application in 4.022 seconds (JVM running for 6.375)
2023-02-28 18:32:13.950  INFO 26948 --- [http-nio-8080-exec-1] o.apache.tomcat.util.http.parser.Cookie  : A cookie header was received [1648191076,1648554331,1650072547; Pycharm-7f350fa1=2eb4811d-d8a7-4b3f-892b-fb8a1f05e74c; JSESSIONID=9B004207CA22A3CD200F1327477E73FD] that contained an invalid cookie. That cookie will be ignored.Note: further occurrences of this error will be logged at DEBUG level.
2023-02-28 18:32:13.959  INFO 26948 --- [http-nio-8080-exec-1] o.a.c.c.C.[Tomcat].[localhost].[/]       : Initializing Spring DispatcherServlet 'dispatcherServlet'
2023-02-28 18:32:13.960  INFO 26948 --- [http-nio-8080-exec-1] o.s.web.servlet.DispatcherServlet        : Initializing Servlet 'dispatcherServlet'
2023-02-28 18:32:13.970  INFO 26948 --- [http-nio-8080-exec-1] o.s.web.servlet.DispatcherServlet        : Completed initialization in 10 ms
2023-02-28 18:33:02.630  INFO 26948 --- [Thread-9] o.s.s.concurrent.ThreadPoolTaskExecutor  : Shutting down ExecutorService 'applicationTaskExecutor'
2023-02-28 18:33:08.863  INFO 29580 --- [main] com.example.Application                  : Starting Application on DESKTOP-KFDVAOL with PID 29580 (D:\workplace_java\deliciousFoods-main\target\classes started by ABC in D:\workplace_java\deliciousFoods-main)
2023-02-28 18:33:08.868  INFO 29580 --- [main] com.example.Application                  : No active profile set, falling back to default profiles: default
2023-02-28 18:33:09.534  WARN 29580 --- [main] o.m.s.mapper.ClassPathMapperScanner      : No MyBatis mapper was found in '[com.example]' package. Please check your configuration.
2023-02-28 18:33:10.152  INFO 29580 --- [main] o.s.b.w.embedded.tomcat.TomcatWebServer  : Tomcat initialized with port(s): 8080 (http)
2023-02-28 18:33:10.169  INFO 29580 --- [main] o.apache.catalina.core.StandardService   : Starting service [Tomcat]
2023-02-28 18:33:10.170  INFO 29580 --- [main] org.apache.catalina.core.StandardEngine  : Starting Servlet Engine: Apache Tomcat/9.0.12
2023-02-28 18:33:10.177  INFO 29580 --- [main] o.a.catalina.core.AprLifecycleListener   : Loaded APR based Apache Tomcat Native library [1.2.24] using APR version [1.7.0].
2023-02-28 18:33:10.177  INFO 29580 --- [main] o.a.catalina.core.AprLifecycleListener   : APR capabilities: IPv6 [true], sendfile [true], accept filters [false], random [true].
2023-02-28 18:33:10.177  INFO 29580 --- [main] o.a.catalina.core.AprLifecycleListener   : APR/OpenSSL configuration: useAprConnector [false], useOpenSSL [true]
2023-02-28 18:33:10.182  INFO 29580 --- [main] o.a.catalina.core.AprLifecycleListener   : OpenSSL successfully initialized [OpenSSL 1.1.1g  21 Apr 2020]
2023-02-28 18:33:10.300  INFO 29580 --- [main] o.a.c.c.C.[Tomcat].[localhost].[/]       : Initializing Spring embedded WebApplicationContext
2023-02-28 18:33:10.300  INFO 29580 --- [main] o.s.web.context.ContextLoader            : Root WebApplicationContext: initialization completed in 1385 ms
2023-02-28 18:33:10.326  INFO 29580 --- [main] o.s.b.w.servlet.ServletRegistrationBean  : Servlet dispatcherServlet mapped to [/]
2023-02-28 18:33:10.331  INFO 29580 --- [main] o.s.b.w.servlet.FilterRegistrationBean   : Mapping filter: 'characterEncodingFilter' to: [/*]
2023-02-28 18:33:10.331  INFO 29580 --- [main] o.s.b.w.servlet.FilterRegistrationBean   : Mapping filter: 'hiddenHttpMethodFilter' to: [/*]
2023-02-28 18:33:10.331  INFO 29580 --- [main] o.s.b.w.servlet.FilterRegistrationBean   : Mapping filter: 'formContentFilter' to: [/*]
2023-02-28 18:33:10.331  INFO 29580 --- [main] o.s.b.w.servlet.FilterRegistrationBean   : Mapping filter: 'requestContextFilter' to: [/*]
2023-02-28 18:33:11.433  INFO 29580 --- [main] o.s.s.concurrent.ThreadPoolTaskExecutor  : Initializing ExecutorService 'applicationTaskExecutor'
2023-02-28 18:33:11.761  INFO 29580 --- [main] o.s.b.w.embedded.tomcat.TomcatWebServer  : Tomcat started on port(s): 8080 (http) with context path ''
2023-02-28 18:33:11.765  INFO 29580 --- [main] com.example.Application                  : Started Application in 3.322 seconds (JVM running for 5.604)
2023-02-28 18:33:52.304  INFO 29580 --- [http-nio-8080-exec-1] o.apache.tomcat.util.http.parser.Cookie  : A cookie header was received [1648191076,1648554331,1650072547; Pycharm-7f350fa1=2eb4811d-d8a7-4b3f-892b-fb8a1f05e74c; JSESSIONID=9B004207CA22A3CD200F1327477E73FD] that contained an invalid cookie. That cookie will be ignored.Note: further occurrences of this error will be logged at DEBUG level.
2023-02-28 18:33:52.311  INFO 29580 --- [http-nio-8080-exec-1] o.a.c.c.C.[Tomcat].[localhost].[/]       : Initializing Spring DispatcherServlet 'dispatcherServlet'
2023-02-28 18:33:52.311  INFO 29580 --- [http-nio-8080-exec-1] o.s.web.servlet.DispatcherServlet        : Initializing Servlet 'dispatcherServlet'
2023-02-28 18:33:52.318  INFO 29580 --- [http-nio-8080-exec-1] o.s.web.servlet.DispatcherServlet        : Completed initialization in 7 ms
2023-02-28 18:34:52.073  INFO 17856 --- [main] com.example.Application                  : Starting Application on DESKTOP-KFDVAOL with PID 17856 (D:\workplace_java\deliciousFoods-main\target\classes started by ABC in D:\workplace_java\deliciousFoods-main)
2023-02-28 18:34:52.077  INFO 17856 --- [main] com.example.Application                  : No active profile set, falling back to default profiles: default
2023-02-28 18:34:52.769  WARN 17856 --- [main] o.m.s.mapper.ClassPathMapperScanner      : No MyBatis mapper was found in '[com.example]' package. Please check your configuration.
2023-02-28 18:34:53.434  INFO 17856 --- [main] o.s.b.w.embedded.tomcat.TomcatWebServer  : Tomcat initialized with port(s): 8080 (http)
2023-02-28 18:34:53.451  INFO 17856 --- [main] o.apache.catalina.core.StandardService   : Starting service [Tomcat]
2023-02-28 18:34:53.452  INFO 17856 --- [main] org.apache.catalina.core.StandardEngine  : Starting Servlet Engine: Apache Tomcat/9.0.12
2023-02-28 18:34:53.458  INFO 17856 --- [main] o.a.catalina.core.AprLifecycleListener   : Loaded APR based Apache Tomcat Native library [1.2.24] using APR version [1.7.0].
2023-02-28 18:34:53.459  INFO 17856 --- [main] o.a.catalina.core.AprLifecycleListener   : APR capabilities: IPv6 [true], sendfile [true], accept filters [false], random [true].
2023-02-28 18:34:53.459  INFO 17856 --- [main] o.a.catalina.core.AprLifecycleListener   : APR/OpenSSL configuration: useAprConnector [false], useOpenSSL [true]
2023-02-28 18:34:53.464  INFO 17856 --- [main] o.a.catalina.core.AprLifecycleListener   : OpenSSL successfully initialized [OpenSSL 1.1.1g  21 Apr 2020]
2023-02-28 18:34:53.591  INFO 17856 --- [main] o.a.c.c.C.[Tomcat].[localhost].[/]       : Initializing Spring embedded WebApplicationContext
2023-02-28 18:34:53.592  INFO 17856 --- [main] o.s.web.context.ContextLoader            : Root WebApplicationContext: initialization completed in 1470 ms
2023-02-28 18:34:53.620  INFO 17856 --- [main] o.s.b.w.servlet.ServletRegistrationBean  : Servlet dispatcherServlet mapped to [/]
2023-02-28 18:34:53.624  INFO 17856 --- [main] o.s.b.w.servlet.FilterRegistrationBean   : Mapping filter: 'characterEncodingFilter' to: [/*]
2023-02-28 18:34:53.625  INFO 17856 --- [main] o.s.b.w.servlet.FilterRegistrationBean   : Mapping filter: 'hiddenHttpMethodFilter' to: [/*]
2023-02-28 18:34:53.625  INFO 17856 --- [main] o.s.b.w.servlet.FilterRegistrationBean   : Mapping filter: 'formContentFilter' to: [/*]
2023-02-28 18:34:53.626  INFO 17856 --- [main] o.s.b.w.servlet.FilterRegistrationBean   : Mapping filter: 'requestContextFilter' to: [/*]
2023-02-28 18:34:54.853  INFO 17856 --- [main] o.s.s.concurrent.ThreadPoolTaskExecutor  : Initializing ExecutorService 'applicationTaskExecutor'
2023-02-28 18:34:55.200  INFO 17856 --- [main] o.s.b.w.embedded.tomcat.TomcatWebServer  : Tomcat started on port(s): 8080 (http) with context path ''
2023-02-28 18:34:55.203  INFO 17856 --- [main] com.example.Application                  : Started Application in 3.539 seconds (JVM running for 6.215)
2023-02-28 18:35:06.657  INFO 17856 --- [http-nio-8080-exec-1] o.apache.tomcat.util.http.parser.Cookie  : A cookie header was received [1648191076,1648554331,1650072547; Pycharm-7f350fa1=2eb4811d-d8a7-4b3f-892b-fb8a1f05e74c; JSESSIONID=9B004207CA22A3CD200F1327477E73FD] that contained an invalid cookie. That cookie will be ignored.Note: further occurrences of this error will be logged at DEBUG level.
2023-02-28 18:35:06.665  INFO 17856 --- [http-nio-8080-exec-1] o.a.c.c.C.[Tomcat].[localhost].[/]       : Initializing Spring DispatcherServlet 'dispatcherServlet'
2023-02-28 18:35:06.666  INFO 17856 --- [http-nio-8080-exec-1] o.s.web.servlet.DispatcherServlet        : Initializing Servlet 'dispatcherServlet'
2023-02-28 18:35:06.673  INFO 17856 --- [http-nio-8080-exec-1] o.s.web.servlet.DispatcherServlet        : Completed initialization in 7 ms
2023-02-28 18:35:07.169  INFO 17856 --- [http-nio-8080-exec-9] com.zaxxer.hikari.HikariDataSource       : HikariPool-1 - Starting...
2023-02-28 18:35:07.322  INFO 17856 --- [http-nio-8080-exec-9] com.zaxxer.hikari.HikariDataSource       : HikariPool-1 - Start completed.
2023-02-28 18:37:03.902  INFO 24624 --- [main] com.example.Application                  : Starting Application on DESKTOP-KFDVAOL with PID 24624 (D:\workplace_java\deliciousFoods-main\target\classes started by ABC in D:\workplace_java\deliciousFoods-main)
2023-02-28 18:37:03.906  INFO 24624 --- [main] com.example.Application                  : No active profile set, falling back to default profiles: default
2023-02-28 18:37:04.613  WARN 24624 --- [main] o.m.s.mapper.ClassPathMapperScanner      : No MyBatis mapper was found in '[com.example]' package. Please check your configuration.
2023-02-28 18:37:05.264  INFO 24624 --- [main] o.s.b.w.embedded.tomcat.TomcatWebServer  : Tomcat initialized with port(s): 8080 (http)
2023-02-28 18:37:05.281  INFO 24624 --- [main] o.apache.catalina.core.StandardService   : Starting service [Tomcat]
2023-02-28 18:37:05.282  INFO 24624 --- [main] org.apache.catalina.core.StandardEngine  : Starting Servlet Engine: Apache Tomcat/9.0.12
2023-02-28 18:37:05.289  INFO 24624 --- [main] o.a.catalina.core.AprLifecycleListener   : Loaded APR based Apache Tomcat Native library [1.2.24] using APR version [1.7.0].
2023-02-28 18:37:05.289  INFO 24624 --- [main] o.a.catalina.core.AprLifecycleListener   : APR capabilities: IPv6 [true], sendfile [true], accept filters [false], random [true].
2023-02-28 18:37:05.289  INFO 24624 --- [main] o.a.catalina.core.AprLifecycleListener   : APR/OpenSSL configuration: useAprConnector [false], useOpenSSL [true]
2023-02-28 18:37:05.294  INFO 24624 --- [main] o.a.catalina.core.AprLifecycleListener   : OpenSSL successfully initialized [OpenSSL 1.1.1g  21 Apr 2020]
2023-02-28 18:37:05.411  INFO 24624 --- [main] o.a.c.c.C.[Tomcat].[localhost].[/]       : Initializing Spring embedded WebApplicationContext
2023-02-28 18:37:05.411  INFO 24624 --- [main] o.s.web.context.ContextLoader            : Root WebApplicationContext: initialization completed in 1450 ms
2023-02-28 18:37:05.438  INFO 24624 --- [main] o.s.b.w.servlet.ServletRegistrationBean  : Servlet dispatcherServlet mapped to [/]
2023-02-28 18:37:05.442  INFO 24624 --- [main] o.s.b.w.servlet.FilterRegistrationBean   : Mapping filter: 'characterEncodingFilter' to: [/*]
2023-02-28 18:37:05.443  INFO 24624 --- [main] o.s.b.w.servlet.FilterRegistrationBean   : Mapping filter: 'hiddenHttpMethodFilter' to: [/*]
2023-02-28 18:37:05.443  INFO 24624 --- [main] o.s.b.w.servlet.FilterRegistrationBean   : Mapping filter: 'formContentFilter' to: [/*]
2023-02-28 18:37:05.443  INFO 24624 --- [main] o.s.b.w.servlet.FilterRegistrationBean   : Mapping filter: 'requestContextFilter' to: [/*]
2023-02-28 18:37:06.600  INFO 24624 --- [main] o.s.s.concurrent.ThreadPoolTaskExecutor  : Initializing ExecutorService 'applicationTaskExecutor'
2023-02-28 18:37:06.935  INFO 24624 --- [main] o.s.b.w.embedded.tomcat.TomcatWebServer  : Tomcat started on port(s): 8080 (http) with context path ''
2023-02-28 18:37:06.938  INFO 24624 --- [main] com.example.Application                  : Started Application in 3.462 seconds (JVM running for 5.779)
2023-02-28 18:37:15.108  INFO 24624 --- [http-nio-8080-exec-1] o.apache.tomcat.util.http.parser.Cookie  : A cookie header was received [1648191076,1648554331,1650072547; Pycharm-7f350fa1=2eb4811d-d8a7-4b3f-892b-fb8a1f05e74c; JSESSIONID=BF3A4382E0CC56C7C639E9B6450EAC87] that contained an invalid cookie. That cookie will be ignored.Note: further occurrences of this error will be logged at DEBUG level.
2023-02-28 18:37:15.115  INFO 24624 --- [http-nio-8080-exec-1] o.a.c.c.C.[Tomcat].[localhost].[/]       : Initializing Spring DispatcherServlet 'dispatcherServlet'
2023-02-28 18:37:15.115  INFO 24624 --- [http-nio-8080-exec-1] o.s.web.servlet.DispatcherServlet        : Initializing Servlet 'dispatcherServlet'
2023-02-28 18:37:15.123  INFO 24624 --- [http-nio-8080-exec-1] o.s.web.servlet.DispatcherServlet        : Completed initialization in 7 ms
2023-02-28 18:37:15.435  INFO 24624 --- [http-nio-8080-exec-3] com.zaxxer.hikari.HikariDataSource       : HikariPool-1 - Starting...
2023-02-28 18:37:15.570  INFO 24624 --- [http-nio-8080-exec-3] com.zaxxer.hikari.HikariDataSource       : HikariPool-1 - Start completed.
